c:\users\samue\onedrive\documents\github\tp_final\midilegend_basecode\midilegend\x64\debug\vc143.pdb
c:\users\samue\onedrive\documents\github\tp_final\midilegend_basecode\midilegend\x64\debug\vc143.idb
c:\users\samue\onedrive\documents\github\tp_final\midilegend_basecode\midilegend\x64\debug\track.obj
c:\users\samue\onedrive\documents\github\tp_final\midilegend_basecode\midilegend\x64\debug\titlescene.obj
c:\users\samue\onedrive\documents\github\tp_final\midilegend_basecode\midilegend\x64\debug\titlecanvas.obj
c:\users\samue\onedrive\documents\github\tp_final\midilegend_basecode\midilegend\x64\debug\timer.obj
c:\users\samue\onedrive\documents\github\tp_final\midilegend_basecode\midilegend\x64\debug\text.obj
c:\users\samue\onedrive\documents\github\tp_final\midilegend_basecode\midilegend\x64\debug\levelscene.obj
c:\users\samue\onedrive\documents\github\tp_final\midilegend_basecode\midilegend\x64\debug\math.obj
c:\users\samue\onedrive\documents\github\tp_final\midilegend_basecode\midilegend\x64\debug\main.obj
c:\users\samue\onedrive\documents\github\tp_final\midilegend_basecode\midilegend\x64\debug\levelcanvas.obj
c:\users\samue\onedrive\documents\github\tp_final\midilegend_basecode\midilegend\x64\debug\input.obj
c:\users\samue\onedrive\documents\github\tp_final\midilegend_basecode\midilegend\x64\debug\common.obj
c:\users\samue\onedrive\documents\github\tp_final\midilegend_basecode\midilegend\x64\debug\audio.obj
c:\users\samue\onedrive\documents\github\tp_final\midilegend_basecode\midilegend\x64\debug\assetmanager.obj
c:\users\samue\onedrive\documents\github\tp_final\midilegend_basecode\midilegend\x64\debug\midilegend.ilk
c:\users\samue\onedrive\documents\github\tp_final\midilegend_basecode\x64\debug\midilegend.exe
c:\users\samue\onedrive\documents\github\tp_final\midilegend_basecode\x64\debug\midilegend.pdb
c:\users\samue\onedrive\documents\github\tp_final\midilegend_basecode\midilegend\x64\debug\midilegend.tlog\cl.command.1.tlog
c:\users\samue\onedrive\documents\github\tp_final\midilegend_basecode\midilegend\x64\debug\midilegend.tlog\cl.items.tlog
c:\users\samue\onedrive\documents\github\tp_final\midilegend_basecode\midilegend\x64\debug\midilegend.tlog\cl.read.1.tlog
c:\users\samue\onedrive\documents\github\tp_final\midilegend_basecode\midilegend\x64\debug\midilegend.tlog\cl.write.1.tlog
c:\users\samue\onedrive\documents\github\tp_final\midilegend_basecode\midilegend\x64\debug\midilegend.tlog\link.command.1.tlog
c:\users\samue\onedrive\documents\github\tp_final\midilegend_basecode\midilegend\x64\debug\midilegend.tlog\link.read.1.tlog
c:\users\samue\onedrive\documents\github\tp_final\midilegend_basecode\midilegend\x64\debug\midilegend.tlog\link.write.1.tlog
